# JRE version: OpenJDK Runtime Environment (8.0_252-b09) (build 1.8.0_252-b09)
# Java VM: OpenJDK 64-Bit Server VM (25.252-b09 mixed mode windows-amd64 compressed oops)
Heap:
 PSYoungGen      total 662016K, used 354561K [0x00000000d5580000, 0x0000000100000000, 0x0000000100000000)
  eden space 629248K, 55% used [0x00000000d5580000,0x00000000eacc0758,0x00000000fbc00000)
  from space 32768K, 9% used [0x00000000fbc00000,0x00000000fbf00000,0x00000000fdc00000)
  to   space 32768K, 0% used [0x00000000fe000000,0x00000000fe000000,0x0000000100000000)
 ParOldGen       total 125952K, used 107243K [0x0000000080000000, 0x0000000087b00000, 0x00000000d5580000)
  object space 125952K, 85% used [0x0000000080000000,0x00000000868bad78,0x0000000087b00000)
 Metaspace       used 83655K, capacity 88360K, committed 90776K, reserved 1128448K
  class space    used 11303K, capacity 12168K, committed 12712K, reserved 1048576K
GC Heap History (10 events):
Event: 33.203 GC heap before
{Heap before GC invocations=27 (full 4):
 PSYoungGen      total 509952K, used 9436K [0x00000000d5580000, 0x00000000fe880000, 0x0000000100000000)
  eden space 473088K, 0% used [0x00000000d5580000,0x00000000d5580000,0x00000000f2380000)
  from space 36864K, 25% used [0x00000000f2380000,0x00000000f2cb72f8,0x00000000f4780000)
  to   space 36352K, 0% used [0x00000000fc500000,0x00000000fc500000,0x00000000fe880000)
 ParOldGen       total 125952K, used 112828K [0x0000000080000000, 0x0000000087b00000, 0x00000000d5580000)
  object space 125952K, 89% used [0x0000000080000000,0x0000000086e2f050,0x0000000087b00000)
 Metaspace       used 84358K, capacity 90566K, committed 90776K, reserved 1128448K
  class space    used 11608K, capacity 12707K, committed 12712K, reserved 1048576K
Event: 34.180 GC heap after
Heap after GC invocations=27 (full 4):
 PSYoungGen      total 509952K, used 0K [0x00000000d5580000, 0x00000000fe880000, 0x0000000100000000)
  eden space 473088K, 0% used [0x00000000d5580000,0x00000000d5580000,0x00000000f2380000)
  from space 36864K, 0% used [0x00000000f2380000,0x00000000f2380000,0x00000000f4780000)
  to   space 36352K, 0% used [0x00000000fc500000,0x00000000fc500000,0x00000000fe880000)
 ParOldGen       total 125952K, used 91283K [0x0000000080000000, 0x0000000087b00000, 0x00000000d5580000)
  object space 125952K, 72% used [0x0000000080000000,0x0000000085924f30,0x0000000087b00000)
 Metaspace       used 83453K, capacity 88138K, committed 90776K, reserved 1128448K
  class space    used 11298K, capacity 12161K, committed 12712K, reserved 1048576K
}
Event: 36.432 GC heap before
{Heap before GC invocations=28 (full 4):
 PSYoungGen      total 509952K, used 473088K [0x00000000d5580000, 0x00000000fe880000, 0x0000000100000000)
  eden space 473088K, 100% used [0x00000000d5580000,0x00000000f2380000,0x00000000f2380000)
  from space 36864K, 0% used [0x00000000f2380000,0x00000000f2380000,0x00000000f4780000)
  to   space 36352K, 0% used [0x00000000fc500000,0x00000000fc500000,0x00000000fe880000)
 ParOldGen       total 125952K, used 91283K [0x0000000080000000, 0x0000000087b00000, 0x00000000d5580000)
  object space 125952K, 72% used [0x0000000080000000,0x0000000085924f30,0x0000000087b00000)
 Metaspace       used 83521K, capacity 88214K, committed 90776K, reserved 1128448K
  class space    used 11298K, capacity 12161K, committed 12712K, reserved 1048576K
Event: 36.515 GC heap after
Heap after GC invocations=28 (full 4):
 PSYoungGen      total 620032K, used 9228K [0x00000000d5580000, 0x00000000fde80000, 0x0000000100000000)
  eden space 593920K, 0% used [0x00000000d5580000,0x00000000d5580000,0x00000000f9980000)
  from space 26112K, 35% used [0x00000000fc500000,0x00000000fce03068,0x00000000fde80000)
  to   space 35328K, 0% used [0x00000000f9980000,0x00000000f9980000,0x00000000fbc00000)
 ParOldGen       total 125952K, used 91291K [0x0000000080000000, 0x0000000087b00000, 0x00000000d5580000)
  object space 125952K, 72% used [0x0000000080000000,0x0000000085926f30,0x0000000087b00000)
 Metaspace       used 83521K, capacity 88214K, committed 90776K, reserved 1128448K
  class space    used 11298K, capacity 12161K, committed 12712K, reserved 1048576K
}
Event: 38.452 GC heap before
{Heap before GC invocations=29 (full 4):
 PSYoungGen      total 620032K, used 603148K [0x00000000d5580000, 0x00000000fde80000, 0x0000000100000000)
  eden space 593920K, 100% used [0x00000000d5580000,0x00000000f9980000,0x00000000f9980000)
  from space 26112K, 35% used [0x00000000fc500000,0x00000000fce03068,0x00000000fde80000)
  to   space 35328K, 0% used [0x00000000f9980000,0x00000000f9980000,0x00000000fbc00000)
 ParOldGen       total 125952K, used 91291K [0x0000000080000000, 0x0000000087b00000, 0x00000000d5580000)
  object space 125952K, 72% used [0x0000000080000000,0x0000000085926f30,0x0000000087b00000)
 Metaspace       used 83576K, capacity 88266K, committed 90776K, reserved 1128448K
  class space    used 11300K, capacity 12165K, committed 12712K, reserved 1048576K
Event: 38.501 GC heap after
Heap after GC invocations=29 (full 4):
 PSYoungGen      total 629248K, used 9252K [0x00000000d5580000, 0x0000000100000000, 0x0000000100000000)
  eden space 593920K, 0% used [0x00000000d5580000,0x00000000d5580000,0x00000000f9980000)
  from space 35328K, 26% used [0x00000000f9980000,0x00000000fa289338,0x00000000fbc00000)
  to   space 34304K, 0% used [0x00000000fde80000,0x00000000fde80000,0x0000000100000000)
 ParOldGen       total 125952K, used 95690K [0x0000000080000000, 0x0000000087b00000, 0x00000000d5580000)
  object space 125952K, 75% used [0x0000000080000000,0x0000000085d72960,0x0000000087b00000)
 Metaspace       used 83576K, capacity 88266K, committed 90776K, reserved 1128448K
  class space    used 11300K, capacity 12165K, committed 12712K, reserved 1048576K
}
Event: 40.765 GC heap before
{Heap before GC invocations=30 (full 4):
 PSYoungGen      total 629248K, used 603172K [0x00000000d5580000, 0x0000000100000000, 0x0000000100000000)
  eden space 593920K, 100% used [0x00000000d5580000,0x00000000f9980000,0x00000000f9980000)
  from space 35328K, 26% used [0x00000000f9980000,0x00000000fa289338,0x00000000fbc00000)
  to   space 34304K, 0% used [0x00000000fde80000,0x00000000fde80000,0x0000000100000000)
 ParOldGen       total 125952K, used 95690K [0x0000000080000000, 0x0000000087b00000, 0x00000000d5580000)
  object space 125952K, 75% used [0x0000000080000000,0x0000000085d72960,0x0000000087b00000)
 Metaspace       used 83602K, capacity 88280K, committed 90776K, reserved 1128448K
  class space    used 11302K, capacity 12166K, committed 12712K, reserved 1048576K
Event: 40.814 GC heap after
Heap after GC invocations=30 (full 4):
 PSYoungGen      total 659456K, used 15147K [0x00000000d5580000, 0x00000000ffc00000, 0x0000000100000000)
  eden space 629248K, 0% used [0x00000000d5580000,0x00000000d5580000,0x00000000fbc00000)
  from space 30208K, 50% used [0x00000000fde80000,0x00000000fed4ae70,0x00000000ffc00000)
  to   space 32768K, 0% used [0x00000000fbc00000,0x00000000fbc00000,0x00000000fdc00000)
 ParOldGen       total 125952K, used 98188K [0x0000000080000000, 0x0000000087b00000, 0x00000000d5580000)
  object space 125952K, 77% used [0x0000000080000000,0x0000000085fe33e8,0x0000000087b00000)
 Metaspace       used 83602K, capacity 88280K, committed 90776K, reserved 1128448K
  class space    used 11302K, capacity 12166K, committed 12712K, reserved 1048576K
}
Event: 42.947 GC heap before
{Heap before GC invocations=31 (full 4):
 PSYoungGen      total 659456K, used 644395K [0x00000000d5580000, 0x00000000ffc00000, 0x0000000100000000)
  eden space 629248K, 100% used [0x00000000d5580000,0x00000000fbc00000,0x00000000fbc00000)
  from space 30208K, 50% used [0x00000000fde80000,0x00000000fed4ae70,0x00000000ffc00000)
  to   space 32768K, 0% used [0x00000000fbc00000,0x00000000fbc00000,0x00000000fdc00000)
 ParOldGen       total 125952K, used 98188K [0x0000000080000000, 0x0000000087b00000, 0x00000000d5580000)
  object space 125952K, 77% used [0x0000000080000000,0x0000000085fe33e8,0x0000000087b00000)
 Metaspace       used 83611K, capacity 88344K, committed 90776K, reserved 1128448K
  class space    used 11302K, capacity 12166K, committed 12712K, reserved 1048576K
Event: 42.974 GC heap after
Heap after GC invocations=31 (full 4):
 PSYoungGen      total 662016K, used 3072K [0x00000000d5580000, 0x0000000100000000, 0x0000000100000000)
  eden space 629248K, 0% used [0x00000000d5580000,0x00000000d5580000,0x00000000fbc00000)
  from space 32768K, 9% used [0x00000000fbc00000,0x00000000fbf00000,0x00000000fdc00000)
  to   space 32768K, 0% used [0x00000000fe000000,0x00000000fe000000,0x0000000100000000)
 ParOldGen       total 125952K, used 107243K [0x0000000080000000, 0x0000000087b00000, 0x00000000d5580000)
  object space 125952K, 85% used [0x0000000080000000,0x00000000868bad78,0x0000000087b00000)
 Metaspace       used 83611K, capacity 88344K, committed 90776K, reserved 1128448K
  class space    used 11302K, capacity 12166K, committed 12712K, reserved 1048576K
}

